android/app/build/intermediates/manifest_merge_blame_file/debug/manifest-merger-blame-debug-report.txt
1<?xml version="1.0" encoding="utf-8"?>
2<manifest xmlns:android="http://schemas.android.com/apk/res/android"
3    package="com.feedback"
4    android:versionCode="1"
5    android:versionName="1.0" >
6
7    <uses-sdk
8        android:minSdkVersion="16"
9        android:targetSdkVersion="29" />
10
11    <uses-permission android:name="android.permission.SYSTEM_ALERT_WINDOW" />
11-->src/debug/AndroidManifest.xml:5:5-77
11-->src/debug/AndroidManifest.xml:5:22-75
12    <uses-permission android:name="android.permission.INTERNET" />
12-->src/main/AndroidManifest.xml:4:5-67
12-->src/main/AndroidManifest.xml:4:22-64
13    <uses-permission android:name="android.permission.CAMERA" />
13-->src/main/AndroidManifest.xml:5:5-65
13-->src/main/AndroidManifest.xml:5:22-62
14    <uses-permission android:name="android.permission.RECORD_AUDIO" />
14-->src/main/AndroidManifest.xml:6:5-70
14-->src/main/AndroidManifest.xml:6:22-68
15    <uses-permission android:name="android.permission.READ_EXTERNAL_STORAGE" />
15-->src/main/AndroidManifest.xml:7:5-80
15-->src/main/AndroidManifest.xml:7:22-77
16    <uses-permission android:name="android.permission.WRITE_EXTERNAL_STORAGE" />
16-->src/main/AndroidManifest.xml:8:5-81
16-->src/main/AndroidManifest.xml:8:22-78
17    <uses-permission android:name="android.permission.WRITE_INTERNAL_STORAGE" />
17-->src/main/AndroidManifest.xml:9:5-81
17-->src/main/AndroidManifest.xml:9:22-78
18    <uses-permission android:name="android.permission.READ_INTERNAL_STORAGE" />
18-->src/main/AndroidManifest.xml:10:5-80
18-->src/main/AndroidManifest.xml:10:22-77
19    <uses-permission android:name="android.permission.ACCESS_WIFI_STATE" />
19-->[com.facebook.flipper:flipper:0.54.0] AndroidManifest.xml:16:5-76
19-->[com.facebook.flipper:flipper:0.54.0] AndroidManifest.xml:16:22-73
20
21    <uses-feature
21-->[:react-native-camera] AndroidManifest.xml:11:5-13:36
22        android:name="android.hardware.camera"
22-->[:react-native-camera] AndroidManifest.xml:12:9-47
23        android:required="false" />
23-->[:react-native-camera] AndroidManifest.xml:13:9-33
24    <uses-feature
24-->[:react-native-camera] AndroidManifest.xml:14:5-16:36
25        android:name="android.hardware.camera.autofocus"
25-->[:react-native-camera] AndroidManifest.xml:15:9-57
26        android:required="false" />
26-->[:react-native-camera] AndroidManifest.xml:16:9-33
27
28    <application
28-->src/main/AndroidManifest.xml:12:5-32:19
29        android:name="com.feedback.MainApplication"
29-->src/main/AndroidManifest.xml:13:7-38
30        android:allowBackup="false"
30-->src/main/AndroidManifest.xml:17:7-34
31        android:appComponentFactory="androidx.core.app.CoreComponentFactory"
31-->[androidx.core:core:1.1.0] AndroidManifest.xml:24:18-86
32        android:debuggable="true"
33        android:icon="@mipmap/ic_launcher"
33-->src/main/AndroidManifest.xml:15:7-41
34        android:label="@string/app_name"
34-->src/main/AndroidManifest.xml:14:7-39
35        android:roundIcon="@mipmap/ic_launcher_round"
35-->src/main/AndroidManifest.xml:16:7-52
36        android:theme="@style/AppTheme"
36-->src/main/AndroidManifest.xml:18:7-38
37        android:usesCleartextTraffic="true" >
37-->src/debug/AndroidManifest.xml:7:18-53
38        <activity
38-->src/main/AndroidManifest.xml:19:7-29:18
39            android:name="com.feedback.MainActivity"
39-->src/main/AndroidManifest.xml:20:9-37
40            android:configChanges="keyboard|keyboardHidden|orientation|screenSize|uiMode"
40-->src/main/AndroidManifest.xml:22:9-86
41            android:label="@string/app_name"
41-->src/main/AndroidManifest.xml:21:9-41
42            android:launchMode="singleTask"
42-->src/main/AndroidManifest.xml:23:9-40
43            android:windowSoftInputMode="adjustResize" >
43-->src/main/AndroidManifest.xml:24:9-51
44            <intent-filter>
44-->src/main/AndroidManifest.xml:25:9-28:25
45                <action android:name="android.intent.action.MAIN" />
45-->src/main/AndroidManifest.xml:26:13-65
45-->src/main/AndroidManifest.xml:26:21-62
46
47                <category android:name="android.intent.category.LAUNCHER" />
47-->src/main/AndroidManifest.xml:27:13-73
47-->src/main/AndroidManifest.xml:27:23-70
48            </intent-filter>
49        </activity>
50        <activity android:name="com.facebook.react.devsupport.DevSettingsActivity" />
50-->src/main/AndroidManifest.xml:31:7-84
50-->src/main/AndroidManifest.xml:31:17-81
51
52        <provider
52-->[:react-native-webview] AndroidManifest.xml:12:9-20:20
53            android:name="com.reactnativecommunity.webview.RNCWebViewFileProvider"
53-->[:react-native-webview] AndroidManifest.xml:13:13-83
54            android:authorities="com.feedback.fileprovider"
54-->[:react-native-webview] AndroidManifest.xml:14:13-64
55            android:exported="false"
55-->[:react-native-webview] AndroidManifest.xml:15:13-37
56            android:grantUriPermissions="true" >
56-->[:react-native-webview] AndroidManifest.xml:16:13-47
57            <meta-data
57-->[:react-native-webview] AndroidManifest.xml:17:13-19:63
58                android:name="android.support.FILE_PROVIDER_PATHS"
58-->[:react-native-webview] AndroidManifest.xml:18:17-67
59                android:resource="@xml/file_provider_paths" />
59-->[:react-native-webview] AndroidManifest.xml:19:17-60
60        </provider>
61
62        <activity
62-->[com.google.android.gms:play-services-base:16.0.1] AndroidManifest.xml:23:9-26:75
63            android:name="com.google.android.gms.common.api.GoogleApiActivity"
63-->[com.google.android.gms:play-services-base:16.0.1] AndroidManifest.xml:24:13-79
64            android:exported="false"
64-->[com.google.android.gms:play-services-base:16.0.1] AndroidManifest.xml:25:13-37
65            android:theme="@android:style/Theme.Translucent.NoTitleBar" />
65-->[com.google.android.gms:play-services-base:16.0.1] AndroidManifest.xml:26:13-72
66
67        <meta-data
67-->[com.google.android.gms:play-services-basement:16.1.0] AndroidManifest.xml:23:9-25:69
68            android:name="com.google.android.gms.version"
68-->[com.google.android.gms:play-services-basement:16.1.0] AndroidManifest.xml:24:13-58
69            android:value="@integer/google_play_services_version" />
69-->[com.google.android.gms:play-services-basement:16.1.0] AndroidManifest.xml:25:13-66
70    </application>
71
72</manifest>